atEQ False	step 200000	percent_equil 0.1944	 shannon 2.74284013304 mean/stdv/median/iqr pi 0.00547299621603/0.00561657628759/0.00337719298246/0.00594298245614	mean/stdv/median/iqr dxy 0.000472362536889/0.000720076223076/0.000175438596491/0.000574792243767
Dxy
0.00008 0 0 0 0 0 0 0 0 0
0.002722 6 4 0 3 1 0 0 0 0
0.005510 4 2 1 0 1 0 0 0 0
0.00825 2 4 2 2 0 0 0 1 1
0.01091 0 3 1 0 0 3 0 0 0
0.01361 1 0 1 1 0 0 0 1 0
0.01641 1 0 2 0 0 0 0 0 0
0.01910 1 1 0 0 0 0 0 0 0
0.02180 0 0 0 1 0 0 0 0 0
0.02461 0 1 0 0 0 1 0 0 0
	['0.0000', '0.0004', '0.0008', '0.0011', '0.0015', '0.0019', '0.0023', '0.0027', '0.0030', '0.0034']
		pi_w island
atEQ False	step 400000	percent_equil 0.354	 shannon 2.98846309111 mean/stdv/median/iqr pi 0.00703622482131/0.00649603428885/0.00539473684211/0.00708333333333	mean/stdv/median/iqr dxy 0.00082820354981/0.00113554044326/0.000332409972299/0.00138504155125
Dxy
0.00001 0 0 0 0 0 0 0 0 0
0.003721 14 3 2 1 0 0 0 0 0
0.00746 10 4 5 4 0 0 1 0 0
0.01123 2 4 3 1 0 1 0 0 0
0.01493 0 1 2 0 1 0 0 0 1
0.01861 1 0 2 2 0 0 1 1 0
0.02230 0 1 0 0 0 0 0 0 1
0.02611 0 1 0 0 0 0 0 0 0
0.02980 0 0 0 0 0 0 0 0 0
0.03351 0 0 1 0 0 0 0 0 0
	['0.0000', '0.0006', '0.0012', '0.0018', '0.0024', '0.0031', '0.0037', '0.0043', '0.0049', '0.0055']
		pi_w island
atEQ False	step 600000	percent_equil 0.5008	 shannon 3.12798751526 mean/stdv/median/iqr pi 0.0102049595142/0.0103112132226/0.00728070175439/0.0106140350877	mean/stdv/median/iqr dxy 0.0011265892464/0.00150047287838/0.000517082179132/0.00145198522622
Dxy
0.00001 0 0 0 0 0 0 0 0 0
0.005320 13 7 2 0 0 1 0 0 0
0.01067 7 6 0 2 1 0 0 0 0
0.01600 5 4 3 1 1 1 0 1 1
0.02131 0 1 1 0 2 0 1 0 1
0.02660 2 1 0 0 1 0 0 0 1
0.03190 0 0 3 0 0 1 0 0 0
0.03730 0 0 0 0 0 0 0 0 0
0.04260 0 0 0 0 0 0 0 0 0
0.04790 0 1 0 1 0 0 0 2 0
	['0.0000', '0.0007', '0.0014', '0.0020', '0.0027', '0.0034', '0.0041', '0.0047', '0.0054', '0.0061']
		pi_w island
atEQ False	step 800000	percent_equil 0.4666	 shannon 2.86476695406 mean/stdv/median/iqr pi 0.009836523126/0.0108120604682/0.00583333333333/0.0123464912281	mean/stdv/median/iqr dxy 0.00111667925795/0.00166029047653/0.000586334256694/0.00142197599261
Dxy
0.00004 0 0 0 0 0 0 0 0 0
0.005923 24 4 3 0 0 0 0 0 0
0.01184 7 6 1 0 0 1 0 0 0
0.01764 5 3 3 0 0 1 0 0 0
0.02350 2 1 0 1 2 0 0 0 0
0.02940 2 0 0 0 1 0 0 0 0
0.03531 1 0 0 0 2 0 0 0 0
0.04110 0 0 0 0 0 0 0 0 1
0.04700 0 1 0 0 0 0 0 0 0
0.05290 0 1 0 1 0 0 0 0 0
	['0.0000', '0.0011', '0.0022', '0.0034', '0.0045', '0.0056', '0.0067', '0.0078', '0.0089', '0.0101']
		pi_w island
atEQ False	step 1000000	percent_equil 0.52	 shannon 2.9837165946 mean/stdv/median/iqr pi 0.00915005316321/0.0103221219796/0.00530701754386/0.0118421052632	mean/stdv/median/iqr dxy 0.0011198550603/0.00219359759469/0.000175438596491/0.00113573407202
Dxy
0.00008 0 0 0 0 0 0 0 0 0
0.005631 25 5 0 0 0 0 0 0 0
0.011111 13 4 0 0 0 0 0 0 0
0.01673 4 0 2 0 0 0 0 0 0
0.02220 5 1 3 0 0 1 0 0 0
0.02781 2 1 0 2 0 0 0 0 0
0.03330 1 2 0 0 0 0 0 0 0
0.03890 0 0 0 0 0 2 1 0 2
0.04440 0 0 0 0 0 0 0 0 0
0.05000 0 0 0 0 1 1 0 0 0
	['0.0000', '0.0014', '0.0027', '0.0041', '0.0055', '0.0069', '0.0082', '0.0096', '0.0110', '0.0124']
		pi_w island
atEQ False	step 1200000	percent_equil 0.6026	 shannon 3.38625713483 mean/stdv/median/iqr pi 0.0131326196848/0.013838757943/0.00850877192982/0.0154385964912	mean/stdv/median/iqr dxy 0.00168755966634/0.0022094200787/0.000766389658356/0.00221606648199
Dxy
0.00005 0 0 0 0 0 0 0 0 0
0.007116 23 4 0 0 0 0 0 0 0
0.01423 13 13 5 1 0 0 0 0 0
0.02130 1 4 1 1 1 0 0 0 0
0.02830 3 1 4 3 1 0 0 0 1
0.03540 0 1 1 0 0 1 0 0 0
0.04252 0 1 0 0 1 0 0 0 0
0.04960 0 0 0 0 0 1 0 0 1
0.05670 0 0 1 0 0 1 0 0 0
0.06380 0 1 0 0 0 0 2 0 0
	['0.0000', '0.0013', '0.0026', '0.0038', '0.0051', '0.0064', '0.0077', '0.0089', '0.0102', '0.0115']
		pi_w island
atEQ False	step 1400000	percent_equil 0.6256	 shannon 3.35311075037 mean/stdv/median/iqr pi 0.0132726045884/0.0147853486697/0.00754385964912/0.014451754386	mean/stdv/median/iqr dxy 0.0014697066553/0.00221470977318/0.00050784856879/0.00209141274238
Dxy
0.00004 0 0 0 0 0 0 0 0 0
0.007728 27 6 0 1 0 0 0 0 0
0.01535 12 4 5 0 1 0 0 0 0
0.02300 4 0 4 0 2 0 0 0 0
0.03072 2 1 2 2 0 1 0 0 0
0.03841 1 1 1 1 1 0 0 0 0
0.04601 1 0 0 1 0 1 0 0 1
0.05370 1 0 1 0 0 0 0 0 0
0.06140 0 0 0 0 0 0 0 0 2
0.06900 0 0 1 0 0 1 0 0 0
	['0.0000', '0.0013', '0.0025', '0.0038', '0.0051', '0.0064', '0.0076', '0.0089', '0.0102', '0.0115']
		pi_w island
atEQ False	step 1600000	percent_equil 0.7068	 shannon 3.28251748855 mean/stdv/median/iqr pi 0.0145372974421/0.0179382843684/0.00789473684211/0.0165350877193	mean/stdv/median/iqr dxy 0.00175001585925/0.00272799820131/0.000664819944598/0.0019621421976
Dxy
0.00004 0 0 0 0 0 0 0 0 0
0.011028 38 9 1 0 0 0 0 0 0
0.02204 9 5 4 1 1 1 0 0 0
0.03300 1 2 2 0 2 0 0 0 0
0.04410 1 2 1 4 0 1 0 0 0
0.05510 0 1 0 0 0 1 1 0 0
0.06611 1 0 0 0 0 0 0 0 2
0.07710 0 0 0 0 0 0 0 0 0
0.08810 2 0 0 0 0 0 0 0 0
0.09910 0 0 1 0 0 0 0 0 0
	['0.0000', '0.0016', '0.0033', '0.0049', '0.0065', '0.0082', '0.0098', '0.0115', '0.0131', '0.0147']
		pi_w island
atEQ False	step 1800000	percent_equil 0.7946	 shannon 3.32304393569 mean/stdv/median/iqr pi 0.0136021303258/0.0150683350544/0.00815789473684/0.0163377192982	mean/stdv/median/iqr dxy 0.00154181506398/0.00241194367172/0.000410895660203/0.00207756232687
Dxy
0.00001 0 0 0 0 0 0 0 0 0
0.010739 30 6 1 1 1 0 0 0 0
0.02136 12 6 1 2 2 0 0 0 0
0.03202 3 2 5 4 0 1 1 2 0
0.04271 1 0 1 1 0 1 1 1 0
0.05330 1 0 0 0 0 0 0 0 0
0.06400 1 0 0 0 0 0 0 0 0
0.07460 0 0 0 0 0 0 0 1 1
0.08530 0 0 0 0 0 0 0 0 0
0.09600 0 0 0 0 0 1 0 0 0
	['0.0000', '0.0013', '0.0025', '0.0038', '0.0050', '0.0063', '0.0076', '0.0088', '0.0101', '0.0113']
		pi_w island
atEQ False	step 2000000	percent_equil 0.8638	 shannon 3.26879962429 mean/stdv/median/iqr pi 0.0144633236635/0.0164794547791/0.00824561403509/0.0176315789474	mean/stdv/median/iqr dxy 0.00192975185581/0.00279640722658/0.000858725761773/0.00236842105263
Dxy
0.00004 0 0 0 0 0 0 0 0 0
0.008226 27 4 1 0 0 0 0 0 0
0.01643 13 10 0 2 0 0 0 0 0
0.02461 3 3 1 1 2 1 0 0 0
0.03280 1 1 2 0 2 0 0 0 0
0.04101 2 1 0 2 1 0 1 0 0
0.04921 0 0 0 1 0 1 0 0 1
0.05741 0 0 0 0 1 0 0 1 0
0.06570 0 0 0 1 0 0 0 0 0
0.07390 0 0 1 0 1 0 0 0 1
	['0.0000', '0.0015', '0.0031', '0.0046', '0.0062', '0.0077', '0.0092', '0.0108', '0.0123', '0.0139']
		pi_w island
